  scene2d.cpp
  result.cpp
  renderer.cpp
  polygon.cpp
  player.cpp
c:\users\student\desktop\学校\制作実践演習\second_shooting\project\player.cpp(207): warning C4244: '引数': 'int' から 'FLOAT' への変換です。データが失われる可能性があります。
c:\users\student\desktop\学校\制作実践演習\second_shooting\project\player.cpp(466): warning C4244: '引数': 'double' から 'FLOAT' への変換です。データが失われる可能性があります。
  manager.cpp
  main.cpp
  game.cpp
  explosion.cpp
  energy_ui.cpp
c:\users\student\desktop\学校\制作実践演習\second_shooting\project\energy_ui.cpp(142): warning C4244: '引数': 'int' から 'FLOAT' への変換です。データが失われる可能性があります。
  enemy_type1.cpp
  enemy.cpp
  bullet.cpp
  boss.cpp
  bg.cpp
  コードを生成中...
  コンパイル中...
  tutorial.cpp
  title.cpp
c:\users\student\desktop\学校\制作実践演習\second_shooting\project\title.cpp(164): warning C4244: '引数': 'int' から 'FLOAT' への変換です。データが失われる可能性があります。
c:\users\student\desktop\学校\制作実践演習\second_shooting\project\title.cpp(165): warning C4244: '引数': 'int' から 'FLOAT' への変換です。データが失われる可能性があります。
  terrain.cpp
  stage.cpp
c:\users\student\desktop\学校\制作実践演習\second_shooting\project\stage.cpp(162): warning C4800: 'int': ブール値を 'true' または 'false' に強制的に設定します (警告の処理)
  shield.cpp
  powerui.cpp
  pause.cpp
  option.cpp
c:\users\student\desktop\学校\制作実践演習\second_shooting\project\option.cpp(189): warning C4244: '引数': 'double' から 'FLOAT' への変換です。データが失われる可能性があります。
  missile.cpp
  life.cpp
  laser.cpp
  item.cpp
c:\users\student\desktop\学校\制作実践演習\second_shooting\project\item.cpp(211): warning C4244: '引数': 'int' から 'FLOAT' への変換です。データが失われる可能性があります。
c:\users\student\desktop\学校\制作実践演習\second_shooting\project\item.cpp(216): warning C4244: '引数': 'int' から 'FLOAT' への変換です。データが失われる可能性があります。
  fade.cpp
  enemytype2.cpp
  enemy_type3.cpp
  コードを生成中...
  スキップ中... (関連する変更は検出されませんでした)
  triangle.cpp
  score.cpp
  ranking_ui.cpp
  ranking.cpp
  particle_effect.cpp
  number.cpp
  02 C++.vcxproj -> C:\Users\student\Desktop\学校\制作実践演習\second_shooting\project\Debug\01_Scenefile.exe
  02 C++.vcxproj -> C:\Users\student\Desktop\学校\制作実践演習\second_shooting\project\Debug\01_Scenefile.pdb (Full PDB)
